  [1m[36m (41.5ms)[0m  [1mCREATE TABLE "schema_migrations" ("version" character varying(255) NOT NULL) [0m
  [1m[35m (16.8ms)[0m  CREATE UNIQUE INDEX  "unique_schema_migrations" ON "schema_migrations"  ("version")
  [1m[36mActiveRecord::SchemaMigration Load (0.4ms)[0m  [1mSELECT "schema_migrations".* FROM "schema_migrations"[0m
Migrating to CreateQuestions (20140613030451)
  [1m[35m (0.2ms)[0m  BEGIN
  [1m[36m (8.9ms)[0m  [1mCREATE TABLE "questions" ("id" serial primary key, "quiz_id" integer, "question" character varying(255), "created_at" timestamp, "updated_at" timestamp) [0m
  [1m[35mSQL (1.5ms)[0m  INSERT INTO "schema_migrations" ("version") VALUES ($1)  [["version", "20140613030451"]]
  [1m[36m (3.6ms)[0m  [1mCOMMIT[0m
Migrating to CreateAnswers (20140613030654)
  [1m[35m (0.3ms)[0m  BEGIN
  [1m[36m (3.5ms)[0m  [1mCREATE TABLE "answers" ("id" serial primary key, "question_id" integer, "answer" character varying(255), "is_correct" boolean, "created_at" timestamp, "updated_at" timestamp) [0m
  [1m[35mSQL (0.2ms)[0m  INSERT INTO "schema_migrations" ("version") VALUES ($1)  [["version", "20140613030654"]]
  [1m[36m (2.7ms)[0m  [1mCOMMIT[0m
Migrating to CreateQuizzes (20140613031205)
  [1m[35m (0.2ms)[0m  BEGIN
  [1m[36m (35.8ms)[0m  [1mCREATE TABLE "quizzes" ("id" serial primary key, "category" character varying(255), "created_at" timestamp, "updated_at" timestamp) [0m
  [1m[35mSQL (0.2ms)[0m  INSERT INTO "schema_migrations" ("version") VALUES ($1)  [["version", "20140613031205"]]
  [1m[36m (3.9ms)[0m  [1mCOMMIT[0m
  [1m[35mActiveRecord::SchemaMigration Load (0.2ms)[0m  SELECT "schema_migrations".* FROM "schema_migrations"
  [1m[36mActiveRecord::SchemaMigration Load (0.5ms)[0m  [1mSELECT "schema_migrations".* FROM "schema_migrations"[0m
  [1m[36mActiveRecord::SchemaMigration Load (0.5ms)[0m  [1mSELECT "schema_migrations".* FROM "schema_migrations"[0m
  [1m[35m (0.2ms)[0m  BEGIN
  [1m[36mSQL (1.1ms)[0m  [1mINSERT INTO "quizzes" ("category", "created_at", "updated_at") VALUES ($1, $2, $3) RETURNING "id"[0m  [["category", "Dev Bootcamp Questions"], ["created_at", "2014-06-13 03:25:53.255257"], ["updated_at", "2014-06-13 03:25:53.255257"]]
  [1m[35m (2.1ms)[0m  COMMIT
  [1m[36m (0.1ms)[0m  [1mBEGIN[0m
  [1m[35mSQL (34.9ms)[0m  INSERT INTO "questions" ("created_at", "question", "quiz_id", "updated_at") VALUES ($1, $2, $3, $4) RETURNING "id"  [["created_at", "2014-06-13 03:25:53.372577"], ["question", "Who is your favorite teacher?"], ["quiz_id", 1], ["updated_at", "2014-06-13 03:25:53.372577"]]
  [1m[36m (1.2ms)[0m  [1mCOMMIT[0m
  [1m[35m (0.1ms)[0m  BEGIN
  [1m[36mSQL (0.7ms)[0m  [1mINSERT INTO "answers" ("answer", "created_at", "is_correct", "question_id", "updated_at") VALUES ($1, $2, $3, $4, $5) RETURNING "id"[0m  [["answer", "Matt"], ["created_at", "2014-06-13 03:25:53.474539"], ["is_correct", "f"], ["question_id", 1], ["updated_at", "2014-06-13 03:25:53.474539"]]
  [1m[35m (2.8ms)[0m  COMMIT
  [1m[36m (0.2ms)[0m  [1mBEGIN[0m
  [1m[35mSQL (0.3ms)[0m  INSERT INTO "answers" ("answer", "created_at", "is_correct", "question_id", "updated_at") VALUES ($1, $2, $3, $4, $5) RETURNING "id"  [["answer", "Strand"], ["created_at", "2014-06-13 03:25:53.481491"], ["is_correct", "f"], ["question_id", 1], ["updated_at", "2014-06-13 03:25:53.481491"]]
  [1m[36m (2.0ms)[0m  [1mCOMMIT[0m
  [1m[35m (0.3ms)[0m  BEGIN
  [1m[36mSQL (0.3ms)[0m  [1mINSERT INTO "answers" ("answer", "created_at", "is_correct", "question_id", "updated_at") VALUES ($1, $2, $3, $4, $5) RETURNING "id"[0m  [["answer", "Jeffrey"], ["created_at", "2014-06-13 03:25:53.486132"], ["is_correct", "f"], ["question_id", 1], ["updated_at", "2014-06-13 03:25:53.486132"]]
  [1m[35m (1.2ms)[0m  COMMIT
  [1m[36m (0.1ms)[0m  [1mBEGIN[0m
  [1m[35mSQL (0.2ms)[0m  INSERT INTO "answers" ("answer", "created_at", "is_correct", "question_id", "updated_at") VALUES ($1, $2, $3, $4, $5) RETURNING "id"  [["answer", "Derek"], ["created_at", "2014-06-13 03:25:53.489117"], ["is_correct", "t"], ["question_id", 1], ["updated_at", "2014-06-13 03:25:53.489117"]]
  [1m[36m (1.3ms)[0m  [1mCOMMIT[0m
  [1m[35m (0.1ms)[0m  BEGIN
  [1m[36mSQL (0.2ms)[0m  [1mINSERT INTO "questions" ("created_at", "question", "quiz_id", "updated_at") VALUES ($1, $2, $3, $4) RETURNING "id"[0m  [["created_at", "2014-06-13 03:25:53.492034"], ["question", "Is Javascript awesome?"], ["quiz_id", 1], ["updated_at", "2014-06-13 03:25:53.492034"]]
  [1m[35m (1.3ms)[0m  COMMIT
  [1m[36m (0.1ms)[0m  [1mBEGIN[0m
  [1m[35mSQL (0.3ms)[0m  INSERT INTO "answers" ("answer", "created_at", "is_correct", "question_id", "updated_at") VALUES ($1, $2, $3, $4, $5) RETURNING "id"  [["answer", "Yes"], ["created_at", "2014-06-13 03:25:53.496041"], ["is_correct", "t"], ["question_id", 2], ["updated_at", "2014-06-13 03:25:53.496041"]]
  [1m[36m (1.4ms)[0m  [1mCOMMIT[0m
  [1m[35m (0.1ms)[0m  BEGIN
  [1m[36mSQL (0.2ms)[0m  [1mINSERT INTO "answers" ("answer", "created_at", "is_correct", "question_id", "updated_at") VALUES ($1, $2, $3, $4, $5) RETURNING "id"[0m  [["answer", "No"], ["created_at", "2014-06-13 03:25:53.499458"], ["is_correct", "f"], ["question_id", 2], ["updated_at", "2014-06-13 03:25:53.499458"]]
  [1m[35m (1.4ms)[0m  COMMIT
  [1m[36m (336.1ms)[0m  [1mDROP DATABASE IF EXISTS "game_buzz_test"[0m
  [1m[35m (783.2ms)[0m  CREATE DATABASE "game_buzz_test" ENCODING = 'utf8'
  [1m[36mSQL (26.6ms)[0m  [1mCREATE EXTENSION IF NOT EXISTS "plpgsql"[0m
  [1m[35m (59.6ms)[0m  CREATE TABLE "answers" ("id" serial primary key, "question_id" integer, "answer" character varying(255), "is_correct" boolean, "created_at" timestamp, "updated_at" timestamp) 
  [1m[36m (6.3ms)[0m  [1mCREATE TABLE "questions" ("id" serial primary key, "quiz_id" integer, "question" character varying(255), "created_at" timestamp, "updated_at" timestamp) [0m
  [1m[35m (17.9ms)[0m  CREATE TABLE "quizzes" ("id" serial primary key, "category" character varying(255), "created_at" timestamp, "updated_at" timestamp) 
  [1m[36m (1.9ms)[0m  [1mCREATE TABLE "schema_migrations" ("version" character varying(255) NOT NULL) [0m
  [1m[35m (3.2ms)[0m  CREATE UNIQUE INDEX  "unique_schema_migrations" ON "schema_migrations"  ("version")
  [1m[36m (0.3ms)[0m  [1mSELECT version FROM "schema_migrations"[0m
  [1m[35m (1.2ms)[0m  INSERT INTO "schema_migrations" (version) VALUES ('20140613031205')
  [1m[36m (2.6ms)[0m  [1mINSERT INTO "schema_migrations" (version) VALUES ('20140613030451')[0m
  [1m[35m (1.1ms)[0m  INSERT INTO "schema_migrations" (version) VALUES ('20140613030654')


Started GET "/" for 127.0.0.1 at 2014-06-13 10:34:46 -0700

ActiveRecord::NoDatabaseError (FATAL:  database "game_buzz_dev" does not exist
Run `$ bin/rake db:create db:migrate` to create your database):
  activerecord (4.1.1) lib/active_record/connection_adapters/postgresql_adapter.rb:891:in `rescue in connect'
  activerecord (4.1.1) lib/active_record/connection_adapters/postgresql_adapter.rb:881:in `connect'
  activerecord (4.1.1) lib/active_record/connection_adapters/postgresql_adapter.rb:568:in `initialize'
  activerecord (4.1.1) lib/active_record/connection_adapters/postgresql_adapter.rb:41:in `new'
  activerecord (4.1.1) lib/active_record/connection_adapters/postgresql_adapter.rb:41:in `postgresql_connection'
  activerecord (4.1.1) lib/active_record/connection_adapters/abstract/connection_pool.rb:435:in `new_connection'
  activerecord (4.1.1) lib/active_record/connection_adapters/abstract/connection_pool.rb:445:in `checkout_new_connection'
  activerecord (4.1.1) lib/active_record/connection_adapters/abstract/connection_pool.rb:416:in `acquire_connection'
  activerecord (4.1.1) lib/active_record/connection_adapters/abstract/connection_pool.rb:351:in `block in checkout'
  /Users/apprentice/.rvm/rubies/ruby-1.9.3-p448/lib/ruby/1.9.1/monitor.rb:211:in `mon_synchronize'
  activerecord (4.1.1) lib/active_record/connection_adapters/abstract/connection_pool.rb:350:in `checkout'
  activerecord (4.1.1) lib/active_record/connection_adapters/abstract/connection_pool.rb:265:in `block in connection'
  /Users/apprentice/.rvm/rubies/ruby-1.9.3-p448/lib/ruby/1.9.1/monitor.rb:211:in `mon_synchronize'
  activerecord (4.1.1) lib/active_record/connection_adapters/abstract/connection_pool.rb:264:in `connection'
  activerecord (4.1.1) lib/active_record/connection_adapters/abstract/connection_pool.rb:541:in `retrieve_connection'
  activerecord (4.1.1) lib/active_record/connection_handling.rb:113:in `retrieve_connection'
  activerecord (4.1.1) lib/active_record/connection_handling.rb:87:in `connection'
  activerecord (4.1.1) lib/active_record/migration.rb:388:in `check_pending!'
  activerecord (4.1.1) lib/active_record/migration.rb:377:in `call'
  actionpack (4.1.1) lib/action_dispatch/middleware/callbacks.rb:29:in `block in call'
  activesupport (4.1.1) lib/active_support/callbacks.rb:82:in `run_callbacks'
  actionpack (4.1.1) lib/action_dispatch/middleware/callbacks.rb:27:in `call'
  actionpack (4.1.1) lib/action_dispatch/middleware/reloader.rb:73:in `call'
  actionpack (4.1.1) lib/action_dispatch/middleware/remote_ip.rb:76:in `call'
  actionpack (4.1.1) lib/action_dispatch/middleware/debug_exceptions.rb:17:in `call'
  actionpack (4.1.1) lib/action_dispatch/middleware/show_exceptions.rb:30:in `call'
  railties (4.1.1) lib/rails/rack/logger.rb:38:in `call_app'
  railties (4.1.1) lib/rails/rack/logger.rb:20:in `block in call'
  activesupport (4.1.1) lib/active_support/tagged_logging.rb:68:in `block in tagged'
  activesupport (4.1.1) lib/active_support/tagged_logging.rb:26:in `tagged'
  activesupport (4.1.1) lib/active_support/tagged_logging.rb:68:in `tagged'
  railties (4.1.1) lib/rails/rack/logger.rb:20:in `call'
  actionpack (4.1.1) lib/action_dispatch/middleware/request_id.rb:21:in `call'
  rack (1.5.2) lib/rack/methodoverride.rb:21:in `call'
  rack (1.5.2) lib/rack/runtime.rb:17:in `call'
  activesupport (4.1.1) lib/active_support/cache/strategy/local_cache_middleware.rb:26:in `call'
  rack (1.5.2) lib/rack/lock.rb:17:in `call'
  actionpack (4.1.1) lib/action_dispatch/middleware/static.rb:64:in `call'
  rack (1.5.2) lib/rack/sendfile.rb:112:in `call'
  railties (4.1.1) lib/rails/engine.rb:514:in `call'
  railties (4.1.1) lib/rails/application.rb:144:in `call'
  rack (1.5.2) lib/rack/lock.rb:17:in `call'
  rack (1.5.2) lib/rack/content_length.rb:14:in `call'
  rack (1.5.2) lib/rack/handler/webrick.rb:60:in `service'
  /Users/apprentice/.rvm/rubies/ruby-1.9.3-p448/lib/ruby/1.9.1/webrick/httpserver.rb:138:in `service'
  /Users/apprentice/.rvm/rubies/ruby-1.9.3-p448/lib/ruby/1.9.1/webrick/httpserver.rb:94:in `run'
  /Users/apprentice/.rvm/rubies/ruby-1.9.3-p448/lib/ruby/1.9.1/webrick/server.rb:191:in `block in start_thread'


  Rendered /Users/apprentice/.rvm/gems/ruby-1.9.3-p448/gems/actionpack-4.1.1/lib/action_dispatch/middleware/templates/rescues/_source.erb (1.1ms)
  Rendered /Users/apprentice/.rvm/gems/ruby-1.9.3-p448/gems/actionpack-4.1.1/lib/action_dispatch/middleware/templates/rescues/_trace.html.erb (2.0ms)
  Rendered /Users/apprentice/.rvm/gems/ruby-1.9.3-p448/gems/actionpack-4.1.1/lib/action_dispatch/middleware/templates/rescues/_request_and_response.html.erb (1.6ms)
  Rendered /Users/apprentice/.rvm/gems/ruby-1.9.3-p448/gems/actionpack-4.1.1/lib/action_dispatch/middleware/templates/rescues/diagnostics.erb within rescues/layout (30.4ms)


Started GET "/" for 127.0.0.1 at 2014-06-13 10:34:46 -0700

ActiveRecord::NoDatabaseError (FATAL:  database "game_buzz_dev" does not exist
Run `$ bin/rake db:create db:migrate` to create your database):
  activerecord (4.1.1) lib/active_record/connection_adapters/postgresql_adapter.rb:891:in `rescue in connect'
  activerecord (4.1.1) lib/active_record/connection_adapters/postgresql_adapter.rb:881:in `connect'
  activerecord (4.1.1) lib/active_record/connection_adapters/postgresql_adapter.rb:568:in `initialize'
  activerecord (4.1.1) lib/active_record/connection_adapters/postgresql_adapter.rb:41:in `new'
  activerecord (4.1.1) lib/active_record/connection_adapters/postgresql_adapter.rb:41:in `postgresql_connection'
  activerecord (4.1.1) lib/active_record/connection_adapters/abstract/connection_pool.rb:435:in `new_connection'
  activerecord (4.1.1) lib/active_record/connection_adapters/abstract/connection_pool.rb:445:in `checkout_new_connection'
  activerecord (4.1.1) lib/active_record/connection_adapters/abstract/connection_pool.rb:416:in `acquire_connection'
  activerecord (4.1.1) lib/active_record/connection_adapters/abstract/connection_pool.rb:351:in `block in checkout'
  /Users/apprentice/.rvm/rubies/ruby-1.9.3-p448/lib/ruby/1.9.1/monitor.rb:211:in `mon_synchronize'
  activerecord (4.1.1) lib/active_record/connection_adapters/abstract/connection_pool.rb:350:in `checkout'
  activerecord (4.1.1) lib/active_record/connection_adapters/abstract/connection_pool.rb:265:in `block in connection'
  /Users/apprentice/.rvm/rubies/ruby-1.9.3-p448/lib/ruby/1.9.1/monitor.rb:211:in `mon_synchronize'
  activerecord (4.1.1) lib/active_record/connection_adapters/abstract/connection_pool.rb:264:in `connection'
  activerecord (4.1.1) lib/active_record/connection_adapters/abstract/connection_pool.rb:541:in `retrieve_connection'
  activerecord (4.1.1) lib/active_record/connection_handling.rb:113:in `retrieve_connection'
  activerecord (4.1.1) lib/active_record/connection_handling.rb:87:in `connection'
  activerecord (4.1.1) lib/active_record/migration.rb:388:in `check_pending!'
  activerecord (4.1.1) lib/active_record/migration.rb:377:in `call'
  actionpack (4.1.1) lib/action_dispatch/middleware/callbacks.rb:29:in `block in call'
  activesupport (4.1.1) lib/active_support/callbacks.rb:82:in `run_callbacks'
  actionpack (4.1.1) lib/action_dispatch/middleware/callbacks.rb:27:in `call'
  actionpack (4.1.1) lib/action_dispatch/middleware/reloader.rb:73:in `call'
  actionpack (4.1.1) lib/action_dispatch/middleware/remote_ip.rb:76:in `call'
  actionpack (4.1.1) lib/action_dispatch/middleware/debug_exceptions.rb:17:in `call'
  actionpack (4.1.1) lib/action_dispatch/middleware/show_exceptions.rb:30:in `call'
  railties (4.1.1) lib/rails/rack/logger.rb:38:in `call_app'
  railties (4.1.1) lib/rails/rack/logger.rb:20:in `block in call'
  activesupport (4.1.1) lib/active_support/tagged_logging.rb:68:in `block in tagged'
  activesupport (4.1.1) lib/active_support/tagged_logging.rb:26:in `tagged'
  activesupport (4.1.1) lib/active_support/tagged_logging.rb:68:in `tagged'
  railties (4.1.1) lib/rails/rack/logger.rb:20:in `call'
  actionpack (4.1.1) lib/action_dispatch/middleware/request_id.rb:21:in `call'
  rack (1.5.2) lib/rack/methodoverride.rb:21:in `call'
  rack (1.5.2) lib/rack/runtime.rb:17:in `call'
  activesupport (4.1.1) lib/active_support/cache/strategy/local_cache_middleware.rb:26:in `call'
  rack (1.5.2) lib/rack/lock.rb:17:in `call'
  actionpack (4.1.1) lib/action_dispatch/middleware/static.rb:64:in `call'
  rack (1.5.2) lib/rack/sendfile.rb:112:in `call'
  railties (4.1.1) lib/rails/engine.rb:514:in `call'
  railties (4.1.1) lib/rails/application.rb:144:in `call'
  rack (1.5.2) lib/rack/lock.rb:17:in `call'
  rack (1.5.2) lib/rack/content_length.rb:14:in `call'
  rack (1.5.2) lib/rack/handler/webrick.rb:60:in `service'
  /Users/apprentice/.rvm/rubies/ruby-1.9.3-p448/lib/ruby/1.9.1/webrick/httpserver.rb:138:in `service'
  /Users/apprentice/.rvm/rubies/ruby-1.9.3-p448/lib/ruby/1.9.1/webrick/httpserver.rb:94:in `run'
  /Users/apprentice/.rvm/rubies/ruby-1.9.3-p448/lib/ruby/1.9.1/webrick/server.rb:191:in `block in start_thread'


  Rendered /Users/apprentice/.rvm/gems/ruby-1.9.3-p448/gems/actionpack-4.1.1/lib/action_dispatch/middleware/templates/rescues/_source.erb (0.6ms)
  Rendered /Users/apprentice/.rvm/gems/ruby-1.9.3-p448/gems/actionpack-4.1.1/lib/action_dispatch/middleware/templates/rescues/_trace.html.erb (1.1ms)
  Rendered /Users/apprentice/.rvm/gems/ruby-1.9.3-p448/gems/actionpack-4.1.1/lib/action_dispatch/middleware/templates/rescues/_request_and_response.html.erb (0.8ms)
  Rendered /Users/apprentice/.rvm/gems/ruby-1.9.3-p448/gems/actionpack-4.1.1/lib/action_dispatch/middleware/templates/rescues/diagnostics.erb within rescues/layout (15.1ms)
  [1m[36m (4.5ms)[0m  [1mCREATE TABLE "schema_migrations" ("version" character varying(255) NOT NULL) [0m
  [1m[35m (2.2ms)[0m  CREATE UNIQUE INDEX  "unique_schema_migrations" ON "schema_migrations"  ("version")
  [1m[36mActiveRecord::SchemaMigration Load (0.5ms)[0m  [1mSELECT "schema_migrations".* FROM "schema_migrations"[0m
Migrating to CreateQuestions (20140613030451)
  [1m[35m (0.3ms)[0m  BEGIN
  [1m[36m (10.9ms)[0m  [1mCREATE TABLE "questions" ("id" serial primary key, "quiz_id" integer, "question" character varying(255), "created_at" timestamp, "updated_at" timestamp) [0m
  [1m[35mSQL (0.5ms)[0m  INSERT INTO "schema_migrations" ("version") VALUES ($1)  [["version", "20140613030451"]]
  [1m[36m (0.9ms)[0m  [1mCOMMIT[0m
Migrating to CreateAnswers (20140613030654)
  [1m[35m (0.3ms)[0m  BEGIN
  [1m[36m (2.2ms)[0m  [1mCREATE TABLE "answers" ("id" serial primary key, "question_id" integer, "answer" character varying(255), "is_correct" boolean, "created_at" timestamp, "updated_at" timestamp) [0m
  [1m[35mSQL (0.3ms)[0m  INSERT INTO "schema_migrations" ("version") VALUES ($1)  [["version", "20140613030654"]]
  [1m[36m (0.9ms)[0m  [1mCOMMIT[0m
Migrating to CreateQuizzes (20140613031205)
  [1m[35m (0.3ms)[0m  BEGIN
  [1m[36m (2.2ms)[0m  [1mCREATE TABLE "quizzes" ("id" serial primary key, "category" character varying(255), "created_at" timestamp, "updated_at" timestamp) [0m
  [1m[35mSQL (0.2ms)[0m  INSERT INTO "schema_migrations" ("version") VALUES ($1)  [["version", "20140613031205"]]
  [1m[36m (0.7ms)[0m  [1mCOMMIT[0m
  [1m[35mActiveRecord::SchemaMigration Load (0.3ms)[0m  SELECT "schema_migrations".* FROM "schema_migrations"
  [1m[36mActiveRecord::SchemaMigration Load (0.7ms)[0m  [1mSELECT "schema_migrations".* FROM "schema_migrations"[0m
  [1m[35m (0.3ms)[0m  BEGIN
  [1m[36mSQL (0.9ms)[0m  [1mINSERT INTO "quizzes" ("category", "created_at", "updated_at") VALUES ($1, $2, $3) RETURNING "id"[0m  [["category", "Dev Bootcamp Questions"], ["created_at", "2014-06-13 17:35:50.617976"], ["updated_at", "2014-06-13 17:35:50.617976"]]
  [1m[35m (4.9ms)[0m  COMMIT
  [1m[36m (0.2ms)[0m  [1mBEGIN[0m
  [1m[35mSQL (0.7ms)[0m  INSERT INTO "questions" ("created_at", "question", "quiz_id", "updated_at") VALUES ($1, $2, $3, $4) RETURNING "id"  [["created_at", "2014-06-13 17:35:50.688055"], ["question", "Who is your favorite teacher?"], ["quiz_id", 1], ["updated_at", "2014-06-13 17:35:50.688055"]]
  [1m[36m (0.8ms)[0m  [1mCOMMIT[0m
  [1m[35m (0.3ms)[0m  BEGIN
  [1m[36mSQL (0.6ms)[0m  [1mINSERT INTO "answers" ("answer", "created_at", "is_correct", "question_id", "updated_at") VALUES ($1, $2, $3, $4, $5) RETURNING "id"[0m  [["answer", "Matt"], ["created_at", "2014-06-13 17:35:50.705923"], ["is_correct", "f"], ["question_id", 1], ["updated_at", "2014-06-13 17:35:50.705923"]]
  [1m[35m (0.5ms)[0m  COMMIT
  [1m[36m (0.1ms)[0m  [1mBEGIN[0m
  [1m[35mSQL (0.3ms)[0m  INSERT INTO "answers" ("answer", "created_at", "is_correct", "question_id", "updated_at") VALUES ($1, $2, $3, $4, $5) RETURNING "id"  [["answer", "Strand"], ["created_at", "2014-06-13 17:35:50.709466"], ["is_correct", "f"], ["question_id", 1], ["updated_at", "2014-06-13 17:35:50.709466"]]
  [1m[36m (1.1ms)[0m  [1mCOMMIT[0m
  [1m[35m (0.2ms)[0m  BEGIN
  [1m[36mSQL (0.3ms)[0m  [1mINSERT INTO "answers" ("answer", "created_at", "is_correct", "question_id", "updated_at") VALUES ($1, $2, $3, $4, $5) RETURNING "id"[0m  [["answer", "Jeffrey"], ["created_at", "2014-06-13 17:35:50.712768"], ["is_correct", "f"], ["question_id", 1], ["updated_at", "2014-06-13 17:35:50.712768"]]
  [1m[35m (0.7ms)[0m  COMMIT
  [1m[36m (0.3ms)[0m  [1mBEGIN[0m
  [1m[35mSQL (0.6ms)[0m  INSERT INTO "answers" ("answer", "created_at", "is_correct", "question_id", "updated_at") VALUES ($1, $2, $3, $4, $5) RETURNING "id"  [["answer", "Derek"], ["created_at", "2014-06-13 17:35:50.716048"], ["is_correct", "t"], ["question_id", 1], ["updated_at", "2014-06-13 17:35:50.716048"]]
  [1m[36m (1.3ms)[0m  [1mCOMMIT[0m
  [1m[35m (0.2ms)[0m  BEGIN
  [1m[36mSQL (0.4ms)[0m  [1mINSERT INTO "questions" ("created_at", "question", "quiz_id", "updated_at") VALUES ($1, $2, $3, $4) RETURNING "id"[0m  [["created_at", "2014-06-13 17:35:50.720131"], ["question", "Is Javascript awesome?"], ["quiz_id", 1], ["updated_at", "2014-06-13 17:35:50.720131"]]
  [1m[35m (0.7ms)[0m  COMMIT
  [1m[36m (0.2ms)[0m  [1mBEGIN[0m
  [1m[35mSQL (0.5ms)[0m  INSERT INTO "answers" ("answer", "created_at", "is_correct", "question_id", "updated_at") VALUES ($1, $2, $3, $4, $5) RETURNING "id"  [["answer", "Yes"], ["created_at", "2014-06-13 17:35:50.723677"], ["is_correct", "t"], ["question_id", 2], ["updated_at", "2014-06-13 17:35:50.723677"]]
  [1m[36m (0.7ms)[0m  [1mCOMMIT[0m
  [1m[35m (0.2ms)[0m  BEGIN
  [1m[36mSQL (0.3ms)[0m  [1mINSERT INTO "answers" ("answer", "created_at", "is_correct", "question_id", "updated_at") VALUES ($1, $2, $3, $4, $5) RETURNING "id"[0m  [["answer", "No"], ["created_at", "2014-06-13 17:35:50.726909"], ["is_correct", "f"], ["question_id", 2], ["updated_at", "2014-06-13 17:35:50.726909"]]
  [1m[35m (0.6ms)[0m  COMMIT


Started GET "/" for 127.0.0.1 at 2014-06-13 10:36:04 -0700
  [1m[36mActiveRecord::SchemaMigration Load (0.6ms)[0m  [1mSELECT "schema_migrations".* FROM "schema_migrations"[0m
Processing by Rails::WelcomeController#index as HTML
  Rendered /Users/apprentice/.rvm/gems/ruby-1.9.3-p448/gems/railties-4.1.1/lib/rails/templates/rails/welcome/index.html.erb (3.6ms)
Completed 200 OK in 28ms (Views: 12.8ms | ActiveRecord: 0.0ms)


Started GET "/" for 127.0.0.1 at 2014-06-13 10:36:31 -0700
Processing by Rails::WelcomeController#index as HTML
  Rendered /Users/apprentice/.rvm/gems/ruby-1.9.3-p448/gems/railties-4.1.1/lib/rails/templates/rails/welcome/index.html.erb (0.1ms)
Completed 200 OK in 2ms (Views: 1.1ms | ActiveRecord: 0.0ms)


Started GET "/" for 127.0.0.1 at 2014-06-13 10:36:45 -0700
Processing by Rails::WelcomeController#index as HTML
  Rendered /Users/apprentice/.rvm/gems/ruby-1.9.3-p448/gems/railties-4.1.1/lib/rails/templates/rails/welcome/index.html.erb (0.0ms)
Completed 200 OK in 1ms (Views: 0.9ms | ActiveRecord: 0.0ms)
